c:\users\anass\desktop\pronetpv2\tpv2\tpv2\debug\vc142.pdb
c:\users\anass\desktop\pronetpv2\tpv2\tpv2\debug\vc142.idb
c:\users\anass\desktop\pronetpv2\tpv2\tpv2\debug\offacotry.obj
c:\users\anass\desktop\pronetpv2\tpv2\tpv2\debug\objectpool.obj
c:\users\anass\desktop\pronetpv2\tpv2\tpv2\debug\objectfactory.obj
c:\users\anass\desktop\pronetpv2\tpv2\tpv2\debug\networkingsystem.obj
c:\users\anass\desktop\pronetpv2\tpv2\tpv2\debug\networking.obj
c:\users\anass\desktop\pronetpv2\tpv2\tpv2\debug\manager.obj
c:\users\anass\desktop\pronetpv2\tpv2\tpv2\debug\main.obj
c:\users\anass\desktop\pronetpv2\tpv2\tpv2\debug\jute.obj
c:\users\anass\desktop\pronetpv2\tpv2\tpv2\debug\inputhandler.obj
c:\users\anass\desktop\pronetpv2\tpv2\tpv2\debug\gamectrlsystem.obj
c:\users\anass\desktop\pronetpv2\tpv2\tpv2\debug\fontsmanager.obj
c:\users\anass\desktop\pronetpv2\tpv2\tpv2\debug\font.obj
c:\users\anass\desktop\pronetpv2\tpv2\tpv2\debug\fighterssystem.obj
c:\users\anass\desktop\pronetpv2\tpv2\tpv2\debug\entity.obj
c:\users\anass\desktop\pronetpv2\tpv2\tpv2\debug\deffactory.obj
c:\users\anass\desktop\pronetpv2\tpv2\tpv2\debug\collisionsystem.obj
c:\users\anass\desktop\pronetpv2\tpv2\tpv2\debug\collisions.obj
c:\users\anass\desktop\pronetpv2\tpv2\tpv2\debug\bulletssystem.obj
c:\users\anass\desktop\pronetpv2\tpv2\tpv2\debug\bulletspool.obj
c:\users\anass\desktop\pronetpv2\tpv2\tpv2\debug\audiomanager.obj
c:\users\anass\desktop\pronetpv2\tpv2\tpv2\debug\vector2d.obj
c:\users\anass\desktop\pronetpv2\tpv2\tpv2\debug\transform.obj
c:\users\anass\desktop\pronetpv2\tpv2\tpv2\debug\texturesmanager.obj
c:\users\anass\desktop\pronetpv2\tpv2\tpv2\debug\texture.obj
c:\users\anass\desktop\pronetpv2\tpv2\tpv2\debug\system.obj
c:\users\anass\desktop\pronetpv2\tpv2\tpv2\debug\starwars.obj
c:\users\anass\desktop\pronetpv2\tpv2\tpv2\debug\srandbasedgenerator.obj
c:\users\anass\desktop\pronetpv2\tpv2\tpv2\debug\singleton.obj
c:\users\anass\desktop\pronetpv2\tpv2\tpv2\debug\sdl_macros.obj
c:\users\anass\desktop\pronetpv2\tpv2\tpv2\debug\sdltexturesmanager.obj
c:\users\anass\desktop\pronetpv2\tpv2\tpv2\debug\sdlgame.obj
c:\users\anass\desktop\pronetpv2\tpv2\tpv2\debug\sdlfontsmanager.obj
c:\users\anass\desktop\pronetpv2\tpv2\tpv2\debug\sdlaudiomanager.obj
c:\users\anass\desktop\pronetpv2\tpv2\tpv2\debug\resources.obj
c:\users\anass\desktop\pronetpv2\tpv2\tpv2\debug\rendersystem.obj
c:\users\anass\desktop\pronetpv2\tpv2\tpv2\debug\randomnumbergenerator.obj
c:\users\anass\desktop\pronetpv2\tpv2\bin\tpv2debug.lib
c:\users\anass\desktop\pronetpv2\tpv2\bin\tpv2debug.exp
c:\users\anass\desktop\pronetpv2\tpv2\tpv2\debug\audiomanager.nativecodeanalysis.xml
c:\users\anass\desktop\pronetpv2\tpv2\tpv2\debug\bulletspool.nativecodeanalysis.xml
c:\users\anass\desktop\pronetpv2\tpv2\tpv2\debug\bulletssystem.nativecodeanalysis.xml
c:\users\anass\desktop\pronetpv2\tpv2\tpv2\debug\collisions.nativecodeanalysis.xml
c:\users\anass\desktop\pronetpv2\tpv2\tpv2\debug\collisionsystem.nativecodeanalysis.xml
c:\users\anass\desktop\pronetpv2\tpv2\tpv2\debug\deffactory.nativecodeanalysis.xml
c:\users\anass\desktop\pronetpv2\tpv2\tpv2\debug\entity.nativecodeanalysis.xml
c:\users\anass\desktop\pronetpv2\tpv2\tpv2\debug\fighterssystem.nativecodeanalysis.xml
c:\users\anass\desktop\pronetpv2\tpv2\tpv2\debug\font.nativecodeanalysis.xml
c:\users\anass\desktop\pronetpv2\tpv2\tpv2\debug\fontsmanager.nativecodeanalysis.xml
c:\users\anass\desktop\pronetpv2\tpv2\tpv2\debug\gamectrlsystem.nativecodeanalysis.xml
c:\users\anass\desktop\pronetpv2\tpv2\tpv2\debug\inputhandler.nativecodeanalysis.xml
c:\users\anass\desktop\pronetpv2\tpv2\tpv2\debug\jute.nativecodeanalysis.xml
c:\users\anass\desktop\pronetpv2\tpv2\tpv2\debug\main.nativecodeanalysis.xml
c:\users\anass\desktop\pronetpv2\tpv2\tpv2\debug\manager.nativecodeanalysis.xml
c:\users\anass\desktop\pronetpv2\tpv2\tpv2\debug\networking.nativecodeanalysis.xml
c:\users\anass\desktop\pronetpv2\tpv2\tpv2\debug\networkingsystem.nativecodeanalysis.xml
c:\users\anass\desktop\pronetpv2\tpv2\tpv2\debug\objectfactory.nativecodeanalysis.xml
c:\users\anass\desktop\pronetpv2\tpv2\tpv2\debug\objectpool.nativecodeanalysis.xml
c:\users\anass\desktop\pronetpv2\tpv2\tpv2\debug\offacotry.nativecodeanalysis.xml
c:\users\anass\desktop\pronetpv2\tpv2\tpv2\debug\randomnumbergenerator.nativecodeanalysis.xml
c:\users\anass\desktop\pronetpv2\tpv2\tpv2\debug\rendersystem.nativecodeanalysis.xml
c:\users\anass\desktop\pronetpv2\tpv2\tpv2\debug\resources.nativecodeanalysis.xml
c:\users\anass\desktop\pronetpv2\tpv2\tpv2\debug\sdlaudiomanager.nativecodeanalysis.xml
c:\users\anass\desktop\pronetpv2\tpv2\tpv2\debug\sdlfontsmanager.nativecodeanalysis.xml
c:\users\anass\desktop\pronetpv2\tpv2\tpv2\debug\sdlgame.nativecodeanalysis.xml
c:\users\anass\desktop\pronetpv2\tpv2\tpv2\debug\sdltexturesmanager.nativecodeanalysis.xml
c:\users\anass\desktop\pronetpv2\tpv2\tpv2\debug\sdl_macros.nativecodeanalysis.xml
c:\users\anass\desktop\pronetpv2\tpv2\tpv2\debug\singleton.nativecodeanalysis.xml
c:\users\anass\desktop\pronetpv2\tpv2\tpv2\debug\srandbasedgenerator.nativecodeanalysis.xml
c:\users\anass\desktop\pronetpv2\tpv2\tpv2\debug\starwars.nativecodeanalysis.xml
c:\users\anass\desktop\pronetpv2\tpv2\tpv2\debug\system.nativecodeanalysis.xml
c:\users\anass\desktop\pronetpv2\tpv2\tpv2\debug\texture.nativecodeanalysis.xml
c:\users\anass\desktop\pronetpv2\tpv2\tpv2\debug\texturesmanager.nativecodeanalysis.xml
c:\users\anass\desktop\pronetpv2\tpv2\tpv2\debug\transform.nativecodeanalysis.xml
c:\users\anass\desktop\pronetpv2\tpv2\tpv2\debug\vector2d.nativecodeanalysis.xml
c:\users\anass\desktop\pronetpv2\tpv2\bin\tpv2debug.pdb
c:\users\anass\desktop\pronetpv2\tpv2\tpv2\debug\tpv2.tlog\cl.command.1.tlog
c:\users\anass\desktop\pronetpv2\tpv2\tpv2\debug\tpv2.tlog\cl.read.1.tlog
c:\users\anass\desktop\pronetpv2\tpv2\tpv2\debug\tpv2.tlog\cl.write.1.tlog
c:\users\anass\desktop\pronetpv2\tpv2\tpv2\debug\tpv2.tlog\link.command.1.tlog
c:\users\anass\desktop\pronetpv2\tpv2\tpv2\debug\tpv2.tlog\link.read.1.tlog
c:\users\anass\desktop\pronetpv2\tpv2\tpv2\debug\tpv2.tlog\link.write.1.tlog
c:\users\anass\desktop\pronetpv2\tpv2\tpv2\debug\tpv2.tlog\tpv2.write.1u.tlog
