c:\users\forev\onedrive\desktop\pronetpv2\tpv2\tpv2\x64\debug\vc142.pdb
c:\users\forev\onedrive\desktop\pronetpv2\tpv2\tpv2\x64\debug\vc142.idb
c:\users\forev\onedrive\desktop\pronetpv2\tpv2\tpv2\x64\debug\manager.obj
c:\users\forev\onedrive\desktop\pronetpv2\tpv2\tpv2\x64\debug\jute.obj
c:\users\forev\onedrive\desktop\pronetpv2\tpv2\tpv2\x64\debug\inputhandler.obj
c:\users\forev\onedrive\desktop\pronetpv2\tpv2\tpv2\x64\debug\gamelogic.obj
c:\users\forev\onedrive\desktop\pronetpv2\tpv2\tpv2\x64\debug\gamectrl.obj
c:\users\forev\onedrive\desktop\pronetpv2\tpv2\tpv2\x64\debug\fontsmanager.obj
c:\users\forev\onedrive\desktop\pronetpv2\tpv2\tpv2\x64\debug\font.obj
c:\users\forev\onedrive\desktop\pronetpv2\tpv2\tpv2\x64\debug\entity.obj
c:\users\forev\onedrive\desktop\pronetpv2\tpv2\tpv2\x64\debug\component.obj
c:\users\forev\onedrive\desktop\pronetpv2\tpv2\tpv2\x64\debug\collisions.obj
c:\users\forev\onedrive\desktop\pronetpv2\tpv2\tpv2\x64\debug\audiomanager.obj
c:\users\forev\onedrive\desktop\pronetpv2\tpv2\tpv2\x64\debug\fightermotion.obj
c:\users\forev\onedrive\desktop\pronetpv2\tpv2\tpv2\x64\debug\asteroidpool.obj
c:\users\forev\onedrive\desktop\pronetpv2\tpv2\tpv2\x64\debug\asteroid.obj
c:\users\forev\onedrive\desktop\pronetpv2\tpv2\tpv2\x64\debug\health.obj
c:\users\forev\onedrive\desktop\pronetpv2\tpv2\tpv2\x64\debug\gun.obj
c:\users\forev\onedrive\desktop\pronetpv2\tpv2\tpv2\x64\debug\fighterviewer.obj
c:\users\forev\onedrive\desktop\pronetpv2\tpv2\tpv2\x64\debug\fighterctrl.obj
c:\users\forev\onedrive\desktop\pronetpv2\tpv2\tpv2\x64\debug\bulletspool.obj
c:\users\forev\onedrive\desktop\pronetpv2\tpv2\tpv2\x64\debug\vector2d.obj
c:\users\forev\onedrive\desktop\pronetpv2\tpv2\tpv2\x64\debug\transform.obj
c:\users\forev\onedrive\desktop\pronetpv2\tpv2\tpv2\x64\debug\texturesmanager.obj
c:\users\forev\onedrive\desktop\pronetpv2\tpv2\tpv2\x64\debug\texture.obj
c:\users\forev\onedrive\desktop\pronetpv2\tpv2\tpv2\x64\debug\srandbasedgenerator.obj
c:\users\forev\onedrive\desktop\pronetpv2\tpv2\tpv2\x64\debug\sdl_macros.obj
c:\users\forev\onedrive\desktop\pronetpv2\tpv2\tpv2\x64\debug\sdlfontsmanager.obj
c:\users\forev\onedrive\desktop\pronetpv2\tpv2\tpv2\x64\debug\sdlaudiomanager.obj
c:\users\forev\onedrive\desktop\pronetpv2\tpv2\tpv2\x64\debug\scoreviewer.obj
c:\users\forev\onedrive\desktop\pronetpv2\tpv2\tpv2\x64\debug\scoremanager.obj
c:\users\forev\onedrive\desktop\pronetpv2\tpv2\tpv2\x64\debug\resources.obj
c:\users\forev\onedrive\desktop\pronetpv2\tpv2\tpv2\x64\debug\randomnumbergenerator.obj
c:\users\forev\onedrive\desktop\pronetpv2\tpv2\tpv2\x64\debug\objectpool.obj
c:\users\forev\onedrive\desktop\pronetpv2\tpv2\tpv2\x64\debug\tpv2.tlog\cl.command.1.tlog
c:\users\forev\onedrive\desktop\pronetpv2\tpv2\tpv2\x64\debug\tpv2.tlog\cl.read.1.tlog
c:\users\forev\onedrive\desktop\pronetpv2\tpv2\tpv2\x64\debug\tpv2.tlog\cl.write.1.tlog
