  AsteroidEntity.cpp
  AsteroidPool.cpp
  Asteroids.cpp
  AsteroidsMotion.cpp
  AsteroidsViewer.cpp
C:\Users\paula\Documents\Universidad\2ºV\TPV II\Práctica 1\SDLProject\SDLProject\SDLProject\TPV2\AsteroidsViewer.cpp(15,44): warning C4244: '=': conversión de 'double' a 'int'; posible pérdida de datos
C:\Users\paula\Documents\Universidad\2ºV\TPV II\Práctica 1\SDLProject\SDLProject\SDLProject\TPV2\AsteroidsViewer.cpp(15,88): warning C4244: '=': conversión de 'double' a 'int'; posible pérdida de datos
  AudioManager.cpp
  Bullet.cpp
  BulletsMotion.cpp
  BulletsPool.cpp
C:\Users\paula\Documents\Universidad\2ºV\TPV II\Práctica 1\SDLProject\SDLProject\SDLProject\TPV2\BulletsPool.cpp(19,38): warning C4244: 'argumento': conversión de 'double' a 'int'; posible pérdida de datos
C:\Users\paula\Documents\Universidad\2ºV\TPV II\Práctica 1\SDLProject\SDLProject\SDLProject\TPV2\BulletsPool.cpp(19,35): warning C4244: 'argumento': conversión de 'double' a 'int'; posible pérdida de datos
  BulletsViewer.cpp
C:\Users\paula\Documents\Universidad\2ºV\TPV II\Práctica 1\SDLProject\SDLProject\SDLProject\TPV2\BulletsViewer.cpp(15,40): warning C4244: '=': conversión de 'double' a 'int'; posible pérdida de datos
C:\Users\paula\Documents\Universidad\2ºV\TPV II\Práctica 1\SDLProject\SDLProject\SDLProject\TPV2\BulletsViewer.cpp(15,80): warning C4244: '=': conversión de 'double' a 'int'; posible pérdida de datos
  Collisions.cpp
  Component.cpp
  Entity.cpp
  FighterCtrl.cpp
  FighterMotion.cpp
  FighterViewer.cpp
C:\Users\paula\Documents\Universidad\2ºV\TPV II\Práctica 1\SDLProject\SDLProject\SDLProject\TPV2\FighterViewer.cpp(1,10): warning C4067: símbolos (token) inesperados después de la directiva del preprocesador; se esperaba una nueva línea
  Font.cpp
  FontsManager.cpp
  GameCtrl.cpp
  GameLogic.cpp
  Generando código...
  Compilando...
  Gun.cpp
C:\Users\paula\Documents\Universidad\2ºV\TPV II\Práctica 1\SDLProject\SDLProject\SDLProject\TPV2\Gun.cpp(15,10): warning C4244: 'inicializando': conversión de 'double' a 'int'; posible pérdida de datos
C:\Users\paula\Documents\Universidad\2ºV\TPV II\Práctica 1\SDLProject\SDLProject\SDLProject\TPV2\Gun.cpp(15,31): warning C4244: 'inicializando': conversión de 'double' a 'int'; posible pérdida de datos
  Heart.cpp
C:\Users\paula\Documents\Universidad\2ºV\TPV II\Práctica 1\SDLProject\SDLProject\SDLProject\TPV2\Heart.cpp(14,25): warning C4244: '=': conversión de 'double' a 'int'; posible pérdida de datos
C:\Users\paula\Documents\Universidad\2ºV\TPV II\Práctica 1\SDLProject\SDLProject\SDLProject\TPV2\Heart.cpp(14,55): warning C4244: '=': conversión de 'double' a 'int'; posible pérdida de datos
C:\Users\paula\Documents\Universidad\2ºV\TPV II\Práctica 1\SDLProject\SDLProject\SDLProject\TPV2\Heart.cpp(19,32): warning C4244: '+=': conversión de 'double' a 'int'; posible pérdida de datos
  InputHandler.cpp
  jute.cpp
  main.cpp
  Manager.cpp
  ObjectPool.cpp
  RandomNumberGenerator.cpp
  Resources.cpp
  ScoreManager.cpp
  ScoreViewer.cpp
  SDLAudioManager.cpp
  SDLFontsManager.cpp
C:\Users\paula\Documents\Universidad\2ºV\TPV II\Práctica 1\SDLProject\SDLProject\SDLProject\TPV2\SDLFontsManager.cpp(38,19): warning C4267: 'argumento': conversión de 'size_t' a 'const int'; posible pérdida de datos
C:\Users\paula\Documents\Universidad\2ºV\TPV II\Práctica 1\SDLProject\SDLProject\SDLProject\TPV2\SDLFontsManager.cpp(47,26): warning C4267: 'argumento': conversión de 'size_t' a 'const int'; posible pérdida de datos
C:\Users\paula\Documents\Universidad\2ºV\TPV II\Práctica 1\SDLProject\SDLProject\SDLProject\TPV2\SDLFontsManager.cpp(50,13): warning C4267: 'argumento': conversión de 'size_t' a 'const int'; posible pérdida de datos
  SDLGame.cpp
  SDLTexturesManager.cpp
  sdl_macros.cpp
  SRandBasedGenerator.cpp
C:\Users\paula\Documents\Universidad\2ºV\TPV II\Práctica 1\SDLProject\SDLProject\SDLProject\TPV2\SRandBasedGenerator.cpp(11,8): warning C4244: 'inicializando': conversión de 'time_t' a 'unsigned int'; posible pérdida de datos
  Texture.cpp
  TexturesManager.cpp
  Transform.cpp
  Generando código...
  Compilando...
  Vector2D.cpp
  Generando código...
     Creando biblioteca C:\Users\paula\Documents\Universidad\2ºV\TPV II\Práctica 1\SDLProject\SDLProject\SDLProject\bin\TPV2Debug.lib y objeto C:\Users\paula\Documents\Universidad\2ºV\TPV II\Práctica 1\SDLProject\SDLProject\SDLProject\bin\TPV2Debug.exp
Asteroids.obj : error LNK2019: símbolo externo SDL_GetWindowFlags sin resolver al que se hace referencia en la función "private: void __cdecl Asteroids::handleInput(void)" (?handleInput@Asteroids@@AEAAXXZ)
Asteroids.obj : error LNK2019: símbolo externo SDL_SetWindowFullscreen sin resolver al que se hace referencia en la función "private: void __cdecl Asteroids::handleInput(void)" (?handleInput@Asteroids@@AEAAXXZ)
Asteroids.obj : error LNK2019: símbolo externo SDL_GetScancodeFromKey sin resolver al que se hace referencia en la función "public: bool __cdecl InputHandler::isKeyDown(int)" (?isKeyDown@InputHandler@@QEAA_NH@Z)
FighterCtrl.obj : error LNK2001: símbolo externo SDL_GetScancodeFromKey sin resolver
Gun.obj : error LNK2001: símbolo externo SDL_GetScancodeFromKey sin resolver
Asteroids.obj : error LNK2019: símbolo externo SDL_SetRenderDrawColor sin resolver al que se hace referencia en la función "private: void __cdecl Asteroids::render(void)" (?render@Asteroids@@AEAAXXZ)
SDLGame.obj : error LNK2001: símbolo externo SDL_SetRenderDrawColor sin resolver
Asteroids.obj : error LNK2019: símbolo externo SDL_RenderClear sin resolver al que se hace referencia en la función "private: void __cdecl Asteroids::render(void)" (?render@Asteroids@@AEAAXXZ)
SDLGame.obj : error LNK2001: símbolo externo SDL_RenderClear sin resolver
Asteroids.obj : error LNK2019: símbolo externo SDL_RenderPresent sin resolver al que se hace referencia en la función "private: void __cdecl Asteroids::render(void)" (?render@Asteroids@@AEAAXXZ)
SDLGame.obj : error LNK2001: símbolo externo SDL_RenderPresent sin resolver
Asteroids.obj : error LNK2019: símbolo externo SDL_GetTicks sin resolver al que se hace referencia en la función "public: unsigned int __cdecl SDLGame::getTime(void)" (?getTime@SDLGame@@QEAAIXZ)
Gun.obj : error LNK2001: símbolo externo SDL_GetTicks sin resolver
Asteroids.obj : error LNK2019: símbolo externo SDL_Delay sin resolver al que se hace referencia en la función "public: void __cdecl Asteroids::start(void)" (?start@Asteroids@@QEAAXXZ)
Font.obj : error LNK2019: símbolo externo TTF_OpenFont sin resolver al que se hace referencia en la función "public: bool __cdecl Font::load(class std::basic_string<char,struct std::char_traits<char>,class std::allocator<char> > const &,int)" (?load@Font@@QEAA_NAEBV?$basic_string@DU?$char_traits@D@std@@V?$allocator@D@2@@std@@H@Z)
Font.obj : error LNK2019: símbolo externo TTF_RenderText_Solid sin resolver al que se hace referencia en la función "public: struct SDL_Surface * __cdecl Font::renderText(class std::basic_string<char,struct std::char_traits<char>,class std::allocator<char> > const &,struct SDL_Color)const " (?renderText@Font@@QEBAPEAUSDL_Surface@@AEBV?$basic_string@DU?$char_traits@D@std@@V?$allocator@D@2@@std@@USDL_Color@@@Z)
Font.obj : error LNK2019: símbolo externo TTF_CloseFont sin resolver al que se hace referencia en la función "public: void __cdecl Font::close(void)" (?close@Font@@QEAAXXZ)
InputHandler.obj : error LNK2019: símbolo externo SDL_GetKeyboardState sin resolver al que se hace referencia en la función "private: __cdecl InputHandler::InputHandler(void)" (??0InputHandler@@AEAA@XZ)
InputHandler.obj : error LNK2019: símbolo externo SDL_PollEvent sin resolver al que se hace referencia en la función "public: void __cdecl InputHandler::update(void)" (?update@InputHandler@@QEAAXXZ)
SDLAudioManager.obj : error LNK2019: símbolo externo SDL_RWFromFile sin resolver al que se hace referencia en la función "public: virtual bool __cdecl SDLAudioManager::loadSound(int,class std::basic_string<char,struct std::char_traits<char>,class std::allocator<char> > const &)" (?loadSound@SDLAudioManager@@UEAA_NHAEBV?$basic_string@DU?$char_traits@D@std@@V?$allocator@D@2@@std@@@Z)
SDLAudioManager.obj : error LNK2019: símbolo externo Mix_Init sin resolver al que se hace referencia en la función "public: virtual bool __cdecl SDLAudioManager::init(void)" (?init@SDLAudioManager@@UEAA_NXZ)
SDLAudioManager.obj : error LNK2019: símbolo externo Mix_Quit sin resolver al que se hace referencia en la función "public: virtual __cdecl SDLAudioManager::~SDLAudioManager(void)" (??1SDLAudioManager@@UEAA@XZ)
SDLAudioManager.obj : error LNK2019: símbolo externo Mix_OpenAudio sin resolver al que se hace referencia en la función "public: virtual bool __cdecl SDLAudioManager::init(void)" (?init@SDLAudioManager@@UEAA_NXZ)
SDLAudioManager.obj : error LNK2019: símbolo externo Mix_AllocateChannels sin resolver al que se hace referencia en la función "public: virtual bool __cdecl SDLAudioManager::init(void)" (?init@SDLAudioManager@@UEAA_NXZ)
SDLAudioManager.obj : error LNK2019: símbolo externo Mix_LoadWAV_RW sin resolver al que se hace referencia en la función "public: virtual bool __cdecl SDLAudioManager::loadSound(int,class std::basic_string<char,struct std::char_traits<char>,class std::allocator<char> > const &)" (?loadSound@SDLAudioManager@@UEAA_NHAEBV?$basic_string@DU?$char_traits@D@std@@V?$allocator@D@2@@std@@@Z)
SDLAudioManager.obj : error LNK2019: símbolo externo Mix_LoadMUS sin resolver al que se hace referencia en la función "public: virtual bool __cdecl SDLAudioManager::loadMusic(int,class std::basic_string<char,struct std::char_traits<char>,class std::allocator<char> > const &)" (?loadMusic@SDLAudioManager@@UEAA_NHAEBV?$basic_string@DU?$char_traits@D@std@@V?$allocator@D@2@@std@@@Z)
SDLAudioManager.obj : error LNK2019: símbolo externo Mix_FreeChunk sin resolver al que se hace referencia en la función "public: virtual __cdecl SDLAudioManager::~SDLAudioManager(void)" (??1SDLAudioManager@@UEAA@XZ)
SDLAudioManager.obj : error LNK2019: símbolo externo Mix_FreeMusic sin resolver al que se hace referencia en la función "public: virtual __cdecl SDLAudioManager::~SDLAudioManager(void)" (??1SDLAudioManager@@UEAA@XZ)
SDLAudioManager.obj : error LNK2019: símbolo externo Mix_PlayChannelTimed sin resolver al que se hace referencia en la función "public: virtual int __cdecl SDLAudioManager::playChannel(int,int,int)" (?playChannel@SDLAudioManager@@UEAAHHHH@Z)
SDLAudioManager.obj : error LNK2019: símbolo externo Mix_PlayMusic sin resolver al que se hace referencia en la función "public: virtual void __cdecl SDLAudioManager::playMusic(int,int)" (?playMusic@SDLAudioManager@@UEAAXHH@Z)
SDLAudioManager.obj : error LNK2019: símbolo externo Mix_Volume sin resolver al que se hace referencia en la función "public: virtual int __cdecl SDLAudioManager::setChannelVolume(int,int)" (?setChannelVolume@SDLAudioManager@@UEAAHHH@Z)
SDLAudioManager.obj : error LNK2019: símbolo externo Mix_VolumeMusic sin resolver al que se hace referencia en la función "public: virtual int __cdecl SDLAudioManager::setMusicVolume(int)" (?setMusicVolume@SDLAudioManager@@UEAAHH@Z)
SDLAudioManager.obj : error LNK2019: símbolo externo Mix_HaltChannel sin resolver al que se hace referencia en la función "public: virtual void __cdecl SDLAudioManager::haltChannel(int)" (?haltChannel@SDLAudioManager@@UEAAXH@Z)
SDLAudioManager.obj : error LNK2019: símbolo externo Mix_HaltMusic sin resolver al que se hace referencia en la función "public: virtual void __cdecl SDLAudioManager::haltMusic(void)" (?haltMusic@SDLAudioManager@@UEAAXXZ)
SDLAudioManager.obj : error LNK2019: símbolo externo Mix_Pause sin resolver al que se hace referencia en la función "public: virtual void __cdecl SDLAudioManager::pauseChannel(int)" (?pauseChannel@SDLAudioManager@@UEAAXH@Z)
SDLAudioManager.obj : error LNK2019: símbolo externo Mix_Resume sin resolver al que se hace referencia en la función "public: virtual void __cdecl SDLAudioManager::resumeChannel(int)" (?resumeChannel@SDLAudioManager@@UEAAXH@Z)
SDLAudioManager.obj : error LNK2019: símbolo externo Mix_PauseMusic sin resolver al que se hace referencia en la función "public: virtual void __cdecl SDLAudioManager::pauseMusic(void)" (?pauseMusic@SDLAudioManager@@UEAAXXZ)
SDLAudioManager.obj : error LNK2019: símbolo externo Mix_ResumeMusic sin resolver al que se hace referencia en la función "public: virtual void __cdecl SDLAudioManager::resumeMusic(void)" (?resumeMusic@SDLAudioManager@@UEAAXXZ)
SDLFontsManager.obj : error LNK2019: símbolo externo TTF_Init sin resolver al que se hace referencia en la función "public: virtual bool __cdecl SDLFontsManager::init(void)" (?init@SDLFontsManager@@UEAA_NXZ)
SDLFontsManager.obj : error LNK2019: símbolo externo TTF_Quit sin resolver al que se hace referencia en la función "public: virtual __cdecl SDLFontsManager::~SDLFontsManager(void)" (??1SDLFontsManager@@UEAA@XZ)
SDLGame.obj : error LNK2019: símbolo externo SDL_CreateWindow sin resolver al que se hace referencia en la función "private: void __cdecl SDLGame::initSDL(void)" (?initSDL@SDLGame@@AEAAXXZ)
SDLGame.obj : error LNK2019: símbolo externo SDL_DestroyWindow sin resolver al que se hace referencia en la función "private: void __cdecl SDLGame::closeSDL(void)" (?closeSDL@SDLGame@@AEAAXXZ)
SDLGame.obj : error LNK2019: símbolo externo SDL_ShowCursor sin resolver al que se hace referencia en la función "private: void __cdecl SDLGame::initSDL(void)" (?initSDL@SDLGame@@AEAAXXZ)
SDLGame.obj : error LNK2019: símbolo externo SDL_CreateRenderer sin resolver al que se hace referencia en la función "private: void __cdecl SDLGame::initSDL(void)" (?initSDL@SDLGame@@AEAAXXZ)
SDLGame.obj : error LNK2019: símbolo externo SDL_DestroyRenderer sin resolver al que se hace referencia en la función "private: void __cdecl SDLGame::closeSDL(void)" (?closeSDL@SDLGame@@AEAAXXZ)
SDLGame.obj : error LNK2019: símbolo externo SDL_Init sin resolver al que se hace referencia en la función "private: void __cdecl SDLGame::initSDL(void)" (?initSDL@SDLGame@@AEAAXXZ)
SDLGame.obj : error LNK2019: símbolo externo SDL_Quit sin resolver al que se hace referencia en la función "private: void __cdecl SDLGame::closeSDL(void)" (?closeSDL@SDLGame@@AEAAXXZ)
SDLTexturesManager.obj : error LNK2019: símbolo externo IMG_Init sin resolver al que se hace referencia en la función "public: virtual bool __cdecl SDLTexturesManager::init(void)" (?init@SDLTexturesManager@@UEAA_NXZ)
SDLTexturesManager.obj : error LNK2019: símbolo externo IMG_Quit sin resolver al que se hace referencia en la función "public: virtual __cdecl SDLTexturesManager::~SDLTexturesManager(void)" (??1SDLTexturesManager@@UEAA@XZ)
Texture.obj : error LNK2019: símbolo externo SDL_FreeSurface sin resolver al que se hace referencia en la función "public: bool __cdecl Texture::loadFromImg(struct SDL_Renderer *,class std::basic_string<char,struct std::char_traits<char>,class std::allocator<char> > const &)" (?loadFromImg@Texture@@QEAA_NPEAUSDL_Renderer@@AEBV?$basic_string@DU?$char_traits@D@std@@V?$allocator@D@2@@std@@@Z)
Texture.obj : error LNK2019: símbolo externo SDL_CreateTextureFromSurface sin resolver al que se hace referencia en la función "public: bool __cdecl Texture::loadFromImg(struct SDL_Renderer *,class std::basic_string<char,struct std::char_traits<char>,class std::allocator<char> > const &)" (?loadFromImg@Texture@@QEAA_NPEAUSDL_Renderer@@AEBV?$basic_string@DU?$char_traits@D@std@@V?$allocator@D@2@@std@@@Z)
Texture.obj : error LNK2019: símbolo externo SDL_RenderCopy sin resolver al que se hace referencia en la función "public: void __cdecl Texture::render(struct SDL_Rect const &,struct SDL_Rect const &)const " (?render@Texture@@QEBAXAEBUSDL_Rect@@0@Z)
Texture.obj : error LNK2019: símbolo externo SDL_RenderCopyEx sin resolver al que se hace referencia en la función "public: void __cdecl Texture::render(struct SDL_Rect const &,double,struct SDL_Rect const &)const " (?render@Texture@@QEBAXAEBUSDL_Rect@@N0@Z)
Texture.obj : error LNK2019: símbolo externo SDL_DestroyTexture sin resolver al que se hace referencia en la función "public: void __cdecl Texture::close(void)" (?close@Texture@@QEAAXXZ)
Texture.obj : error LNK2019: símbolo externo IMG_Load sin resolver al que se hace referencia en la función "public: bool __cdecl Texture::loadFromImg(struct SDL_Renderer *,class std::basic_string<char,struct std::char_traits<char>,class std::allocator<char> > const &)" (?loadFromImg@Texture@@QEAA_NPEAUSDL_Renderer@@AEBV?$basic_string@DU?$char_traits@D@std@@V?$allocator@D@2@@std@@@Z)
MSVCRTD.lib(exe_main.obj) : error LNK2019: símbolo externo main sin resolver al que se hace referencia en la función "int __cdecl invoke_main(void)" (?invoke_main@@YAHXZ)
C:\Users\paula\Documents\Universidad\2ºV\TPV II\Práctica 1\SDLProject\SDLProject\SDLProject\SDL2-2.0.7\lib\x86\SDL2.lib : warning LNK4272: el tipo de máquina de biblioteca 'x86' está en conflicto con el tipo de máquina de destino 'x64'
C:\Users\paula\Documents\Universidad\2ºV\TPV II\Práctica 1\SDLProject\SDLProject\SDLProject\SDL2-2.0.7\lib\x86\SDL2main.lib : warning LNK4272: el tipo de máquina de biblioteca 'x86' está en conflicto con el tipo de máquina de destino 'x64'
C:\Users\paula\Documents\Universidad\2ºV\TPV II\Práctica 1\SDLProject\SDLProject\SDLProject\SDL2_image-2.0.1\lib\x86\SDL2_image.lib : warning LNK4272: el tipo de máquina de biblioteca 'x86' está en conflicto con el tipo de máquina de destino 'x64'
C:\Users\paula\Documents\Universidad\2ºV\TPV II\Práctica 1\SDLProject\SDLProject\SDLProject\SDL2_ttf-2.0.14\lib\x86\SDL2_ttf.lib : warning LNK4272: el tipo de máquina de biblioteca 'x86' está en conflicto con el tipo de máquina de destino 'x64'
C:\Users\paula\Documents\Universidad\2ºV\TPV II\Práctica 1\SDLProject\SDLProject\SDLProject\SDL2_mixer-2.0.2\lib\x86\SDL2_mixer.lib : warning LNK4272: el tipo de máquina de biblioteca 'x86' está en conflicto con el tipo de máquina de destino 'x64'
C:\Users\paula\Documents\Universidad\2ºV\TPV II\Práctica 1\SDLProject\SDLProject\SDLProject\SDL2_net-2.0.1\lib\x86\SDL2_net.lib : warning LNK4272: el tipo de máquina de biblioteca 'x86' está en conflicto con el tipo de máquina de destino 'x64'
C:\Users\paula\Documents\Universidad\2ºV\TPV II\Práctica 1\SDLProject\SDLProject\SDLProject\bin\TPV2Debug.exe : fatal error LNK1120: 50 externos sin resolver
