u:\hlocal\tpv2\sdlproject\tpv2\x64\debug\vc142.pdb
u:\hlocal\tpv2\sdlproject\tpv2\x64\debug\vc142.idb
u:\hlocal\tpv2\sdlproject\tpv2\x64\debug\rectangle.obj
u:\hlocal\tpv2\sdlproject\tpv2\x64\debug\randomnumbergenerator.obj
u:\hlocal\tpv2\sdlproject\tpv2\x64\debug\pingpong.obj
u:\hlocal\tpv2\sdlproject\tpv2\x64\debug\paddlemovebehaviour.obj
u:\hlocal\tpv2\sdlproject\tpv2\x64\debug\paddlemousectrl.obj
u:\hlocal\tpv2\sdlproject\tpv2\x64\debug\paddlekbctrl.obj
u:\hlocal\tpv2\sdlproject\tpv2\x64\debug\objectpool.obj
u:\hlocal\tpv2\sdlproject\tpv2\x64\debug\manager.obj
u:\hlocal\tpv2\sdlproject\tpv2\x64\debug\main.obj
u:\hlocal\tpv2\sdlproject\tpv2\x64\debug\jute.obj
u:\hlocal\tpv2\sdlproject\tpv2\x64\debug\inputhandler.obj
u:\hlocal\tpv2\sdlproject\tpv2\x64\debug\gamelogic.obj
u:\hlocal\tpv2\sdlproject\tpv2\x64\debug\gamectrl.obj
u:\hlocal\tpv2\sdlproject\tpv2\x64\debug\fontsmanager.obj
u:\hlocal\tpv2\sdlproject\tpv2\x64\debug\font.obj
u:\hlocal\tpv2\sdlproject\tpv2\x64\debug\entity.obj
u:\hlocal\tpv2\sdlproject\tpv2\x64\debug\component.obj
u:\hlocal\tpv2\sdlproject\tpv2\x64\debug\collisions.obj
u:\hlocal\tpv2\sdlproject\tpv2\x64\debug\ballmovebehaviour.obj
u:\hlocal\tpv2\sdlproject\tpv2\x64\debug\audiomanager.obj
u:\hlocal\tpv2\sdlproject\tpv2\x64\debug\vector2d.obj
u:\hlocal\tpv2\sdlproject\tpv2\x64\debug\transform.obj
u:\hlocal\tpv2\sdlproject\tpv2\x64\debug\texturesmanager.obj
u:\hlocal\tpv2\sdlproject\tpv2\x64\debug\texture.obj
u:\hlocal\tpv2\sdlproject\tpv2\x64\debug\srandbasedgenerator.obj
u:\hlocal\tpv2\sdlproject\tpv2\x64\debug\simplemovebahviour.obj
u:\hlocal\tpv2\sdlproject\tpv2\x64\debug\sdl_macros.obj
u:\hlocal\tpv2\sdlproject\tpv2\x64\debug\sdltexturesmanager.obj
u:\hlocal\tpv2\sdlproject\tpv2\x64\debug\sdlgame.obj
u:\hlocal\tpv2\sdlproject\tpv2\x64\debug\sdlfontsmanager.obj
u:\hlocal\tpv2\sdlproject\tpv2\x64\debug\sdlaudiomanager.obj
u:\hlocal\tpv2\sdlproject\tpv2\x64\debug\scoreviewer.obj
u:\hlocal\tpv2\sdlproject\tpv2\x64\debug\scoremanager.obj
u:\hlocal\tpv2\sdlproject\tpv2\x64\debug\resources.obj
c:\users\starias\desktop\dydvideojuegos\uni\segundo\cuatri2\tpv2\sdlproject\tpv2\x64\debug\vc142.pdb
c:\users\starias\desktop\dydvideojuegos\uni\segundo\cuatri2\tpv2\sdlproject\tpv2\x64\debug\vc142.idb
c:\users\starias\desktop\dydvideojuegos\uni\segundo\cuatri2\tpv2\sdlproject\tpv2\x64\debug\manager.obj
c:\users\starias\desktop\dydvideojuegos\uni\segundo\cuatri2\tpv2\sdlproject\tpv2\x64\debug\main.obj
c:\users\starias\desktop\dydvideojuegos\uni\segundo\cuatri2\tpv2\sdlproject\tpv2\x64\debug\jute.obj
c:\users\starias\desktop\dydvideojuegos\uni\segundo\cuatri2\tpv2\sdlproject\tpv2\x64\debug\inputhandler.obj
c:\users\starias\desktop\dydvideojuegos\uni\segundo\cuatri2\tpv2\sdlproject\tpv2\x64\debug\heart.obj
c:\users\starias\desktop\dydvideojuegos\uni\segundo\cuatri2\tpv2\sdlproject\tpv2\x64\debug\gun.obj
c:\users\starias\desktop\dydvideojuegos\uni\segundo\cuatri2\tpv2\sdlproject\tpv2\x64\debug\gamelogic.obj
c:\users\starias\desktop\dydvideojuegos\uni\segundo\cuatri2\tpv2\sdlproject\tpv2\x64\debug\gamectrl.obj
c:\users\starias\desktop\dydvideojuegos\uni\segundo\cuatri2\tpv2\sdlproject\tpv2\x64\debug\fontsmanager.obj
c:\users\starias\desktop\dydvideojuegos\uni\segundo\cuatri2\tpv2\sdlproject\tpv2\x64\debug\font.obj
c:\users\starias\desktop\dydvideojuegos\uni\segundo\cuatri2\tpv2\sdlproject\tpv2\x64\debug\fighterviewer.obj
c:\users\starias\desktop\dydvideojuegos\uni\segundo\cuatri2\tpv2\sdlproject\tpv2\x64\debug\fightermotion.obj
c:\users\starias\desktop\dydvideojuegos\uni\segundo\cuatri2\tpv2\sdlproject\tpv2\x64\debug\fighterctrl.obj
c:\users\starias\desktop\dydvideojuegos\uni\segundo\cuatri2\tpv2\sdlproject\tpv2\x64\debug\entity.obj
c:\users\starias\desktop\dydvideojuegos\uni\segundo\cuatri2\tpv2\sdlproject\tpv2\x64\debug\component.obj
c:\users\starias\desktop\dydvideojuegos\uni\segundo\cuatri2\tpv2\sdlproject\tpv2\x64\debug\collisions.obj
c:\users\starias\desktop\dydvideojuegos\uni\segundo\cuatri2\tpv2\sdlproject\tpv2\x64\debug\bullet.obj
c:\users\starias\desktop\dydvideojuegos\uni\segundo\cuatri2\tpv2\sdlproject\tpv2\x64\debug\ballmovebehaviour.obj
c:\users\starias\desktop\dydvideojuegos\uni\segundo\cuatri2\tpv2\sdlproject\tpv2\x64\debug\audiomanager.obj
c:\users\starias\desktop\dydvideojuegos\uni\segundo\cuatri2\tpv2\sdlproject\tpv2\x64\debug\asteroids.obj
c:\users\starias\desktop\dydvideojuegos\uni\segundo\cuatri2\tpv2\sdlproject\tpv2\x64\debug\vector2d.obj
c:\users\starias\desktop\dydvideojuegos\uni\segundo\cuatri2\tpv2\sdlproject\tpv2\x64\debug\transform.obj
c:\users\starias\desktop\dydvideojuegos\uni\segundo\cuatri2\tpv2\sdlproject\tpv2\x64\debug\texturesmanager.obj
c:\users\starias\desktop\dydvideojuegos\uni\segundo\cuatri2\tpv2\sdlproject\tpv2\x64\debug\texture.obj
c:\users\starias\desktop\dydvideojuegos\uni\segundo\cuatri2\tpv2\sdlproject\tpv2\x64\debug\srandbasedgenerator.obj
c:\users\starias\desktop\dydvideojuegos\uni\segundo\cuatri2\tpv2\sdlproject\tpv2\x64\debug\simplemovebahviour.obj
c:\users\starias\desktop\dydvideojuegos\uni\segundo\cuatri2\tpv2\sdlproject\tpv2\x64\debug\sdl_macros.obj
c:\users\starias\desktop\dydvideojuegos\uni\segundo\cuatri2\tpv2\sdlproject\tpv2\x64\debug\sdltexturesmanager.obj
c:\users\starias\desktop\dydvideojuegos\uni\segundo\cuatri2\tpv2\sdlproject\tpv2\x64\debug\sdlgame.obj
c:\users\starias\desktop\dydvideojuegos\uni\segundo\cuatri2\tpv2\sdlproject\tpv2\x64\debug\sdlfontsmanager.obj
c:\users\starias\desktop\dydvideojuegos\uni\segundo\cuatri2\tpv2\sdlproject\tpv2\x64\debug\sdlaudiomanager.obj
c:\users\starias\desktop\dydvideojuegos\uni\segundo\cuatri2\tpv2\sdlproject\tpv2\x64\debug\scoreviewer.obj
c:\users\starias\desktop\dydvideojuegos\uni\segundo\cuatri2\tpv2\sdlproject\tpv2\x64\debug\scoremanager.obj
c:\users\starias\desktop\dydvideojuegos\uni\segundo\cuatri2\tpv2\sdlproject\tpv2\x64\debug\resources.obj
c:\users\starias\desktop\dydvideojuegos\uni\segundo\cuatri2\tpv2\sdlproject\tpv2\x64\debug\randomnumbergenerator.obj
c:\users\starias\desktop\dydvideojuegos\uni\segundo\cuatri2\tpv2\sdlproject\tpv2\x64\debug\objectpool.obj
u:\hlocal\sdlproject\tpv2\x64\debug\vc142.pdb
u:\hlocal\sdlproject\tpv2\x64\debug\vc142.idb
u:\hlocal\sdlproject\tpv2\x64\debug\heart.obj
u:\hlocal\sdlproject\tpv2\x64\debug\gun.obj
u:\hlocal\sdlproject\tpv2\x64\debug\gamelogic.obj
u:\hlocal\sdlproject\tpv2\x64\debug\gamectrl.obj
u:\hlocal\sdlproject\tpv2\x64\debug\fontsmanager.obj
u:\hlocal\sdlproject\tpv2\x64\debug\font.obj
u:\hlocal\sdlproject\tpv2\x64\debug\fighterviewer.obj
u:\hlocal\sdlproject\tpv2\x64\debug\fightermotion.obj
u:\hlocal\sdlproject\tpv2\x64\debug\fighterctrl.obj
u:\hlocal\sdlproject\tpv2\x64\debug\entity.obj
u:\hlocal\sdlproject\tpv2\x64\debug\component.obj
u:\hlocal\sdlproject\tpv2\x64\debug\collisions.obj
u:\hlocal\sdlproject\tpv2\x64\debug\bulletsviewer.obj
u:\hlocal\sdlproject\tpv2\x64\debug\bulletspool.obj
u:\hlocal\sdlproject\tpv2\x64\debug\bulletsmotion.obj
u:\hlocal\sdlproject\tpv2\x64\debug\bullet.obj
u:\hlocal\sdlproject\tpv2\x64\debug\ballmovebehaviour.obj
u:\hlocal\sdlproject\tpv2\x64\debug\audiomanager.obj
u:\hlocal\sdlproject\tpv2\x64\debug\asteroids.obj
u:\hlocal\sdlproject\tpv2\x64\debug\asteroid.obj
u:\hlocal\sdlproject\tpv2\x64\debug\vector2d.obj
u:\hlocal\sdlproject\tpv2\x64\debug\transform.obj
u:\hlocal\sdlproject\tpv2\x64\debug\texturesmanager.obj
u:\hlocal\sdlproject\tpv2\x64\debug\texture.obj
u:\hlocal\sdlproject\tpv2\x64\debug\srandbasedgenerator.obj
u:\hlocal\sdlproject\tpv2\x64\debug\sdl_macros.obj
u:\hlocal\sdlproject\tpv2\x64\debug\sdltexturesmanager.obj
u:\hlocal\sdlproject\tpv2\x64\debug\sdlgame.obj
u:\hlocal\sdlproject\tpv2\x64\debug\sdlfontsmanager.obj
u:\hlocal\sdlproject\tpv2\x64\debug\sdlaudiomanager.obj
u:\hlocal\sdlproject\tpv2\x64\debug\scoreviewer.obj
u:\hlocal\sdlproject\tpv2\x64\debug\scoremanager.obj
u:\hlocal\sdlproject\tpv2\x64\debug\resources.obj
u:\hlocal\sdlproject\tpv2\x64\debug\randomnumbergenerator.obj
u:\hlocal\sdlproject\tpv2\x64\debug\objectpool.obj
u:\hlocal\sdlproject\tpv2\x64\debug\manager.obj
u:\hlocal\sdlproject\tpv2\x64\debug\main.obj
u:\hlocal\sdlproject\tpv2\x64\debug\jute.obj
u:\hlocal\sdlproject\tpv2\x64\debug\inputhandler.obj
u:\hlocal\sdlproject\tpv2\x64\debug\asteroidentity.obj
c:\users\paula\documents\universidad\2ºv\tpv ii\sdlproject\sdlproject\tpv2\x64\debug\vc142.pdb
c:\users\paula\documents\universidad\2ºv\tpv ii\sdlproject\sdlproject\tpv2\x64\debug\vc142.idb
c:\users\paula\documents\universidad\2ºv\tpv ii\sdlproject\sdlproject\tpv2\x64\debug\gamectrl.obj
c:\users\paula\documents\universidad\2ºv\tpv ii\sdlproject\sdlproject\tpv2\x64\debug\fontsmanager.obj
c:\users\paula\documents\universidad\2ºv\tpv ii\sdlproject\sdlproject\tpv2\x64\debug\font.obj
c:\users\paula\documents\universidad\2ºv\tpv ii\sdlproject\sdlproject\tpv2\x64\debug\fighterviewer.obj
c:\users\paula\documents\universidad\2ºv\tpv ii\sdlproject\sdlproject\tpv2\x64\debug\fightermotion.obj
c:\users\paula\documents\universidad\2ºv\tpv ii\sdlproject\sdlproject\tpv2\x64\debug\fighterctrl.obj
c:\users\paula\documents\universidad\2ºv\tpv ii\sdlproject\sdlproject\tpv2\x64\debug\entity.obj
c:\users\paula\documents\universidad\2ºv\tpv ii\sdlproject\sdlproject\tpv2\x64\debug\component.obj
c:\users\paula\documents\universidad\2ºv\tpv ii\sdlproject\sdlproject\tpv2\x64\debug\collisions.obj
c:\users\paula\documents\universidad\2ºv\tpv ii\sdlproject\sdlproject\tpv2\x64\debug\bulletsviewer.obj
c:\users\paula\documents\universidad\2ºv\tpv ii\sdlproject\sdlproject\tpv2\x64\debug\bulletspool.obj
c:\users\paula\documents\universidad\2ºv\tpv ii\sdlproject\sdlproject\tpv2\x64\debug\bulletsmotion.obj
c:\users\paula\documents\universidad\2ºv\tpv ii\sdlproject\sdlproject\tpv2\x64\debug\bullet.obj
c:\users\paula\documents\universidad\2ºv\tpv ii\sdlproject\sdlproject\tpv2\x64\debug\ballmovebehaviour.obj
c:\users\paula\documents\universidad\2ºv\tpv ii\sdlproject\sdlproject\tpv2\x64\debug\audiomanager.obj
c:\users\paula\documents\universidad\2ºv\tpv ii\sdlproject\sdlproject\tpv2\x64\debug\asteroidsviewer.obj
c:\users\paula\documents\universidad\2ºv\tpv ii\sdlproject\sdlproject\tpv2\x64\debug\asteroidsmotion.obj
c:\users\paula\documents\universidad\2ºv\tpv ii\sdlproject\sdlproject\tpv2\x64\debug\asteroids.obj
c:\users\paula\documents\universidad\2ºv\tpv ii\sdlproject\sdlproject\tpv2\x64\debug\asteroidpool.obj
c:\users\paula\documents\universidad\2ºv\tpv ii\sdlproject\sdlproject\tpv2\x64\debug\asteroidentity.obj
c:\users\paula\documents\universidad\2ºv\tpv ii\sdlproject\sdlproject\tpv2\x64\debug\texturesmanager.obj
c:\users\paula\documents\universidad\2ºv\tpv ii\sdlproject\sdlproject\tpv2\x64\debug\texture.obj
c:\users\paula\documents\universidad\2ºv\tpv ii\sdlproject\sdlproject\tpv2\x64\debug\srandbasedgenerator.obj
c:\users\paula\documents\universidad\2ºv\tpv ii\sdlproject\sdlproject\tpv2\x64\debug\sdl_macros.obj
c:\users\paula\documents\universidad\2ºv\tpv ii\sdlproject\sdlproject\tpv2\x64\debug\sdltexturesmanager.obj
c:\users\paula\documents\universidad\2ºv\tpv ii\sdlproject\sdlproject\tpv2\x64\debug\sdlgame.obj
c:\users\paula\documents\universidad\2ºv\tpv ii\sdlproject\sdlproject\tpv2\x64\debug\sdlfontsmanager.obj
c:\users\paula\documents\universidad\2ºv\tpv ii\sdlproject\sdlproject\tpv2\x64\debug\sdlaudiomanager.obj
c:\users\paula\documents\universidad\2ºv\tpv ii\sdlproject\sdlproject\tpv2\x64\debug\scoreviewer.obj
c:\users\paula\documents\universidad\2ºv\tpv ii\sdlproject\sdlproject\tpv2\x64\debug\scoremanager.obj
c:\users\paula\documents\universidad\2ºv\tpv ii\sdlproject\sdlproject\tpv2\x64\debug\resources.obj
c:\users\paula\documents\universidad\2ºv\tpv ii\sdlproject\sdlproject\tpv2\x64\debug\randomnumbergenerator.obj
c:\users\paula\documents\universidad\2ºv\tpv ii\sdlproject\sdlproject\tpv2\x64\debug\objectpool.obj
c:\users\paula\documents\universidad\2ºv\tpv ii\sdlproject\sdlproject\tpv2\x64\debug\manager.obj
c:\users\paula\documents\universidad\2ºv\tpv ii\sdlproject\sdlproject\tpv2\x64\debug\main.obj
c:\users\paula\documents\universidad\2ºv\tpv ii\sdlproject\sdlproject\tpv2\x64\debug\jute.obj
c:\users\paula\documents\universidad\2ºv\tpv ii\sdlproject\sdlproject\tpv2\x64\debug\inputhandler.obj
c:\users\paula\documents\universidad\2ºv\tpv ii\sdlproject\sdlproject\tpv2\x64\debug\heart.obj
c:\users\paula\documents\universidad\2ºv\tpv ii\sdlproject\sdlproject\tpv2\x64\debug\gun.obj
c:\users\paula\documents\universidad\2ºv\tpv ii\sdlproject\sdlproject\tpv2\x64\debug\gamelogic.obj
c:\users\paula\documents\universidad\2ºv\tpv ii\sdlproject\sdlproject\tpv2\x64\debug\vector2d.obj
c:\users\paula\documents\universidad\2ºv\tpv ii\sdlproject\sdlproject\tpv2\x64\debug\transform.obj
u:\hlocal\sdlproject\sdlproject\tpv2\x64\debug\asteroid.obj
u:\hlocal\sdlproject\sdlproject\tpv2\x64\debug\asteroidentity.obj
u:\hlocal\sdlproject\sdlproject\tpv2\x64\debug\asteroidpool.obj
u:\hlocal\sdlproject\sdlproject\tpv2\x64\debug\asteroids.obj
u:\hlocal\sdlproject\sdlproject\tpv2\x64\debug\asteroidsmotion.obj
u:\hlocal\sdlproject\sdlproject\tpv2\x64\debug\asteroidsviewer.obj
u:\hlocal\sdlproject\sdlproject\tpv2\x64\debug\audiomanager.obj
u:\hlocal\sdlproject\sdlproject\tpv2\x64\debug\ballmovebehaviour.obj
u:\hlocal\sdlproject\sdlproject\tpv2\x64\debug\bullet.obj
u:\hlocal\sdlproject\sdlproject\tpv2\x64\debug\bulletsmotion.obj
u:\hlocal\sdlproject\sdlproject\tpv2\x64\debug\bulletspool.obj
u:\hlocal\sdlproject\sdlproject\tpv2\x64\debug\bulletsviewer.obj
u:\hlocal\sdlproject\sdlproject\tpv2\x64\debug\collisions.obj
u:\hlocal\sdlproject\sdlproject\tpv2\x64\debug\component.obj
u:\hlocal\sdlproject\sdlproject\tpv2\x64\debug\entity.obj
u:\hlocal\sdlproject\sdlproject\tpv2\x64\debug\fighterctrl.obj
u:\hlocal\sdlproject\sdlproject\tpv2\x64\debug\fightermotion.obj
u:\hlocal\sdlproject\sdlproject\tpv2\x64\debug\fighterviewer.obj
u:\hlocal\sdlproject\sdlproject\tpv2\x64\debug\font.obj
u:\hlocal\sdlproject\sdlproject\tpv2\x64\debug\fontsmanager.obj
u:\hlocal\sdlproject\sdlproject\tpv2\x64\debug\gamectrl.obj
u:\hlocal\sdlproject\sdlproject\tpv2\x64\debug\gamelogic.obj
u:\hlocal\sdlproject\sdlproject\tpv2\x64\debug\gun.obj
u:\hlocal\sdlproject\sdlproject\tpv2\x64\debug\heart.obj
u:\hlocal\sdlproject\sdlproject\tpv2\x64\debug\inputhandler.obj
u:\hlocal\sdlproject\sdlproject\tpv2\x64\debug\jute.obj
u:\hlocal\sdlproject\sdlproject\tpv2\x64\debug\main.obj
u:\hlocal\sdlproject\sdlproject\tpv2\x64\debug\manager.obj
u:\hlocal\sdlproject\sdlproject\tpv2\x64\debug\objectpool.obj
u:\hlocal\sdlproject\sdlproject\tpv2\x64\debug\paddlekbctrl.obj
u:\hlocal\sdlproject\sdlproject\tpv2\x64\debug\paddlemousectrl.obj
u:\hlocal\sdlproject\sdlproject\tpv2\x64\debug\paddlemovebehaviour.obj
u:\hlocal\sdlproject\sdlproject\tpv2\x64\debug\pingpong.obj
u:\hlocal\sdlproject\sdlproject\tpv2\x64\debug\randomnumbergenerator.obj
u:\hlocal\sdlproject\sdlproject\tpv2\x64\debug\rectangle.obj
u:\hlocal\sdlproject\sdlproject\tpv2\x64\debug\resources.obj
u:\hlocal\sdlproject\sdlproject\tpv2\x64\debug\scoremanager.obj
u:\hlocal\sdlproject\sdlproject\tpv2\x64\debug\scoreviewer.obj
u:\hlocal\sdlproject\sdlproject\tpv2\x64\debug\sdlaudiomanager.obj
u:\hlocal\sdlproject\sdlproject\tpv2\x64\debug\sdlfontsmanager.obj
u:\hlocal\sdlproject\sdlproject\tpv2\x64\debug\sdlgame.obj
u:\hlocal\sdlproject\sdlproject\tpv2\x64\debug\sdltexturesmanager.obj
u:\hlocal\sdlproject\sdlproject\tpv2\x64\debug\sdl_macros.obj
u:\hlocal\sdlproject\sdlproject\tpv2\x64\debug\simplemovebahviour.obj
u:\hlocal\sdlproject\sdlproject\tpv2\x64\debug\srandbasedgenerator.obj
u:\hlocal\sdlproject\sdlproject\tpv2\x64\debug\texture.obj
u:\hlocal\sdlproject\sdlproject\tpv2\x64\debug\texturesmanager.obj
u:\hlocal\sdlproject\sdlproject\tpv2\x64\debug\transform.obj
u:\hlocal\sdlproject\sdlproject\tpv2\x64\debug\vector2d.obj
u:\hlocal\sdlproject\sdlproject\tpv2\x64\debug\vc142.idb
u:\hlocal\sdlproject\sdlproject\tpv2\x64\debug\vc142.pdb
u:\hlocal\sdlproject\sdlproject\tpv2\x64\debug\tpv2.tlog\cl.command.1.tlog
u:\hlocal\sdlproject\sdlproject\tpv2\x64\debug\tpv2.tlog\cl.read.1.tlog
u:\hlocal\sdlproject\sdlproject\tpv2\x64\debug\tpv2.tlog\cl.write.1.tlog
u:\hlocal\sdlproject\sdlproject\tpv2\x64\debug\tpv2.tlog\link-cvtres.read.1.tlog
u:\hlocal\sdlproject\sdlproject\tpv2\x64\debug\tpv2.tlog\link-cvtres.write.1.tlog
u:\hlocal\sdlproject\sdlproject\tpv2\x64\debug\tpv2.tlog\link-rc.read.1.tlog
u:\hlocal\sdlproject\sdlproject\tpv2\x64\debug\tpv2.tlog\link-rc.write.1.tlog
u:\hlocal\sdlproject\sdlproject\tpv2\x64\debug\tpv2.tlog\link.command.1.tlog
u:\hlocal\sdlproject\sdlproject\tpv2\x64\debug\tpv2.tlog\link.read.1.tlog
u:\hlocal\sdlproject\sdlproject\tpv2\x64\debug\tpv2.tlog\link.write.1.tlog
